<?xml version="1.0" encoding="UTF-8"?>
<!-- Generated by org.testng.reporters.JUnitXMLReporter -->
<testsuite ignored="1" hostname="DESKTOP-PLIMPO2" failures="1" tests="1" name="Test" time="0.044" errors="0" timestamp="09 Mar 2022 07:09:17 GMT">
  <testcase classname="Project_TestNG.TestNG.project_NG" name="newmain" time="0.014">
    <failure type="java.lang.NullPointerException" message="Cannot invoke &amp;quot;org.openqa.selenium.WebDriver.findElement(org.openqa.selenium.By)&amp;quot; because &amp;quot;this.driver&amp;quot; is null">
      <![CDATA[java.lang.NullPointerException: Cannot invoke "org.openqa.selenium.WebDriver.findElement(org.openqa.selenium.By)" because "this.driver" is null
at Project_TestNG.TestNG.project_NG.newmain(project_NG.java:82)
at java.base/java.util.concurrent.ThreadPoolExecutor.runWorker(ThreadPoolExecutor.java:1130)
at java.base/java.util.concurrent.ThreadPoolExecutor$Worker.run(ThreadPoolExecutor.java:630)
at java.base/java.lang.Thread.run(Thread.java:831)
... Removed 10 stack frames]]>
    </failure>
  </testcase> <!-- newmain -->
  <testcase classname="Project_TestNG.TestNG.project_NG" name="main" time="0.0">
    <ignored/>
  </testcase> <!-- main -->
</testsuite> <!-- Test -->
